<?xml version="1.0" encoding="UTF-8"?>
<!-- Generated by org.testng.reporters.JUnitReportReporter -->
<testsuite skipped="0" hostname="MSDT066" name="TestCases.HomePageTest" tests="7" failures="0" timestamp="2022-02-08T16:51:14 IST" time="12.222" errors="0">
  <testcase name="validateAdminModuletest" time="1.993" classname="TestCases.HomePageTest"/>
  <system-out/>
  <testcase name="validatePimtest" time="1.894" classname="TestCases.HomePageTest"/>
  <system-out/>
  <testcase name="validateleavetest" time="2.302" classname="TestCases.HomePageTest"/>
  <system-out/>
  <testcase name="validatetimetest" time="1.301" classname="TestCases.HomePageTest"/>
  <system-out/>
  <testcase name="validaterecruitmenttest" time="1.333" classname="TestCases.HomePageTest"/>
  <system-out/>
  <testcase name="validatemyinfotest" time="2.134" classname="TestCases.HomePageTest"/>
  <system-out/>
  <testcase name="validatelogout" time="1.265" classname="TestCases.HomePageTest"/>
  <system-out/>
</testsuite> <!-- TestCases.HomePageTest -->
