<?xml version="1.0" encoding="UTF-8"?>
<!-- Generated by org.testng.reporters.JUnitReportReporter -->
<testsuite skipped="0" hostname="MSDT066" name="TestCases.LoginPageTest" tests="1" failures="0" timestamp="2022-02-08T16:51:14 IST" time="0.008" errors="0">
  <testcase name="loginpagetitletest" time="0.008" classname="TestCases.LoginPageTest"/>
  <system-out/>
</testsuite> <!-- TestCases.LoginPageTest -->
