<?xml version="1.0" encoding="UTF-8"?>
<!-- Generated by org.testng.reporters.JUnitReportReporter -->
<testsuite skipped="0" hostname="MSDT066" name="TestngDemo.HomepageTest" tests="2" failures="0" timestamp="2022-01-31T19:36:48 IST" time="1.368" errors="0">
  <testcase name="Logout" time="1.357" classname="TestngDemo.HomepageTest"/>
  <system-out/>
  <testcase name="verifypage" time="0.011" classname="TestngDemo.HomepageTest"/>
  <system-out/>
</testsuite> <!-- TestngDemo.HomepageTest -->
