<?xml version="1.0" encoding="UTF-8"?>
<!-- Generated by org.testng.reporters.JUnitReportReporter -->
<testsuite skipped="0" hostname="MSDT066" name="TestngDemo.LoginTest" tests="2" failures="0" timestamp="2022-01-31T19:36:48 IST" time="6.758" errors="0">
  <testcase name="Login" time="5.650" classname="TestngDemo.LoginTest"/>
  <system-out/>
  <testcase name="Forgetpass" time="1.108" classname="TestngDemo.LoginTest"/>
  <system-out/>
</testsuite> <!-- TestngDemo.LoginTest -->
